<?xml version="1.0" encoding="UTF-8"?>
<testsuite xmlns:xsi="http://www.w3.org/2001/XMLSchema-instance" xsi:noNamespaceSchemaLocation="https://maven.apache.org/surefire/maven-surefire-plugin/xsd/surefire-test-report-3.0.xsd" version="3.0" name="TestSuite" time="20.587" tests="5" errors="0" skipped="2" failures="3">
  <properties>
    <property name="java.specification.version" value="21"/>
    <property name="sun.jnu.encoding" value="UTF-8"/>
    <property name="java.class.path" value="/Users/balamcpro/eclipse-workspace/AppiumFrameworkDesign001/target/test-classes:/Users/balamcpro/eclipse-workspace/AppiumFrameworkDesign001/target/classes:/Users/balamcpro/.m2/repository/org/testng/testng/7.9.0/testng-7.9.0.jar:/Users/balamcpro/.m2/repository/org/slf4j/slf4j-api/1.7.36/slf4j-api-1.7.36.jar:/Users/balamcpro/.m2/repository/com/beust/jcommander/1.82/jcommander-1.82.jar:/Users/balamcpro/.m2/repository/org/webjars/jquery/3.7.1/jquery-3.7.1.jar:/Users/balamcpro/.m2/repository/io/appium/java-client/9.1.0/java-client-9.1.0.jar:/Users/balamcpro/.m2/repository/org/seleniumhq/selenium/selenium-api/4.18.1/selenium-api-4.18.1.jar:/Users/balamcpro/.m2/repository/org/seleniumhq/selenium/selenium-remote-driver/4.18.1/selenium-remote-driver-4.18.1.jar:/Users/balamcpro/.m2/repository/io/opentelemetry/semconv/opentelemetry-semconv/1.23.1-alpha/opentelemetry-semconv-1.23.1-alpha.jar:/Users/balamcpro/.m2/repository/io/opentelemetry/opentelemetry-api/1.35.0/opentelemetry-api-1.35.0.jar:/Users/balamcpro/.m2/repository/io/opentelemetry/opentelemetry-context/1.35.0/opentelemetry-context-1.35.0.jar:/Users/balamcpro/.m2/repository/io/opentelemetry/opentelemetry-exporter-logging/1.35.0/opentelemetry-exporter-logging-1.35.0.jar:/Users/balamcpro/.m2/repository/io/opentelemetry/opentelemetry-sdk-common/1.35.0/opentelemetry-sdk-common-1.35.0.jar:/Users/balamcpro/.m2/repository/io/opentelemetry/opentelemetry-sdk-extension-autoconfigure-spi/1.35.0/opentelemetry-sdk-extension-autoconfigure-spi-1.35.0.jar:/Users/balamcpro/.m2/repository/io/opentelemetry/opentelemetry-sdk-extension-autoconfigure/1.35.0/opentelemetry-sdk-extension-autoconfigure-1.35.0.jar:/Users/balamcpro/.m2/repository/io/opentelemetry/opentelemetry-api-events/1.35.0-alpha/opentelemetry-api-events-1.35.0-alpha.jar:/Users/balamcpro/.m2/repository/io/opentelemetry/opentelemetry-sdk-trace/1.35.0/opentelemetry-sdk-trace-1.35.0.jar:/Users/balamcpro/.m2/repository/io/opentelemetry/opentelemetry-extension-incubator/1.35.0-alpha/opentelemetry-extension-incubator-1.35.0-alpha.jar:/Users/balamcpro/.m2/repository/io/opentelemetry/opentelemetry-sdk/1.35.0/opentelemetry-sdk-1.35.0.jar:/Users/balamcpro/.m2/repository/io/opentelemetry/opentelemetry-sdk-metrics/1.35.0/opentelemetry-sdk-metrics-1.35.0.jar:/Users/balamcpro/.m2/repository/io/opentelemetry/opentelemetry-sdk-logs/1.35.0/opentelemetry-sdk-logs-1.35.0.jar:/Users/balamcpro/.m2/repository/org/seleniumhq/selenium/selenium-http/4.18.1/selenium-http-4.18.1.jar:/Users/balamcpro/.m2/repository/dev/failsafe/failsafe/3.3.2/failsafe-3.3.2.jar:/Users/balamcpro/.m2/repository/org/seleniumhq/selenium/selenium-manager/4.18.1/selenium-manager-4.18.1.jar:/Users/balamcpro/.m2/repository/org/seleniumhq/selenium/selenium-os/4.18.1/selenium-os-4.18.1.jar:/Users/balamcpro/.m2/repository/org/apache/commons/commons-exec/1.3/commons-exec-1.3.jar:/Users/balamcpro/.m2/repository/com/google/code/gson/gson/2.10.1/gson-2.10.1.jar:/Users/balamcpro/.m2/repository/org/seleniumhq/selenium/selenium-support/4.17.0/selenium-support-4.17.0.jar:/Users/balamcpro/.m2/repository/com/google/auto/service/auto-service-annotations/1.1.1/auto-service-annotations-1.1.1.jar:/Users/balamcpro/.m2/repository/com/google/guava/guava/33.0.0-jre/guava-33.0.0-jre.jar:/Users/balamcpro/.m2/repository/com/google/guava/failureaccess/1.0.2/failureaccess-1.0.2.jar:/Users/balamcpro/.m2/repository/com/google/guava/listenablefuture/9999.0-empty-to-avoid-conflict-with-guava/listenablefuture-9999.0-empty-to-avoid-conflict-with-guava.jar:/Users/balamcpro/.m2/repository/com/google/code/findbugs/jsr305/3.0.2/jsr305-3.0.2.jar:/Users/balamcpro/.m2/repository/org/checkerframework/checker-qual/3.41.0/checker-qual-3.41.0.jar:/Users/balamcpro/.m2/repository/com/google/errorprone/error_prone_annotations/2.23.0/error_prone_annotations-2.23.0.jar:/Users/balamcpro/.m2/repository/com/google/j2objc/j2objc-annotations/2.8/j2objc-annotations-2.8.jar:/Users/balamcpro/.m2/repository/net/bytebuddy/byte-buddy/1.14.11/byte-buddy-1.14.11.jar:/Users/balamcpro/.m2/repository/org/seleniumhq/selenium/selenium-json/4.17.0/selenium-json-4.17.0.jar:/Users/balamcpro/.m2/repository/commons-io/commons-io/2.15.1/commons-io-2.15.1.jar:/Users/balamcpro/.m2/repository/com/fasterxml/jackson/core/jackson-databind/2.16.1/jackson-databind-2.16.1.jar:/Users/balamcpro/.m2/repository/com/fasterxml/jackson/core/jackson-annotations/2.16.1/jackson-annotations-2.16.1.jar:/Users/balamcpro/.m2/repository/com/fasterxml/jackson/core/jackson-core/2.16.1/jackson-core-2.16.1.jar:/Users/balamcpro/.m2/repository/com/aventstack/extentreports/5.1.1/extentreports-5.1.1.jar:/Users/balamcpro/.m2/repository/io/reactivex/rxjava3/rxjava/3.1.6/rxjava-3.1.6.jar:/Users/balamcpro/.m2/repository/org/reactivestreams/reactive-streams/1.0.4/reactive-streams-1.0.4.jar:/Users/balamcpro/.m2/repository/org/freemarker/freemarker/2.3.32/freemarker-2.3.32.jar:/Users/balamcpro/.m2/repository/org/projectlombok/lombok/1.18.26/lombok-1.18.26.jar:"/>
    <property name="java.vm.vendor" value="Oracle Corporation"/>
    <property name="sun.arch.data.model" value="64"/>
    <property name="java.vendor.url" value="https://java.oracle.com/"/>
    <property name="user.timezone" value="America/New_York"/>
    <property name="os.name" value="Mac OS X"/>
    <property name="java.vm.specification.version" value="21"/>
    <property name="sun.java.launcher" value="SUN_STANDARD"/>
    <property name="user.country" value="US"/>
    <property name="sun.boot.library.path" value="/Library/Java/JavaVirtualMachines/jdk-21.jdk/Contents/Home/lib"/>
    <property name="sun.java.command" value="/Users/balamcpro/eclipse-workspace/AppiumFrameworkDesign001/target/surefire/surefirebooter-20240304181759430_3.jar /Users/balamcpro/eclipse-workspace/AppiumFrameworkDesign001/target/surefire 2024-03-04T18-17-59_396-jvmRun1 surefire-20240304181759430_1tmp surefire_0-20240304181759430_2tmp"/>
    <property name="http.nonProxyHosts" value="local|*.local|169.254/16|*.169.254/16"/>
    <property name="jdk.debug" value="release"/>
    <property name="surefire.test.class.path" value="/Users/balamcpro/eclipse-workspace/AppiumFrameworkDesign001/target/test-classes:/Users/balamcpro/eclipse-workspace/AppiumFrameworkDesign001/target/classes:/Users/balamcpro/.m2/repository/org/testng/testng/7.9.0/testng-7.9.0.jar:/Users/balamcpro/.m2/repository/org/slf4j/slf4j-api/1.7.36/slf4j-api-1.7.36.jar:/Users/balamcpro/.m2/repository/com/beust/jcommander/1.82/jcommander-1.82.jar:/Users/balamcpro/.m2/repository/org/webjars/jquery/3.7.1/jquery-3.7.1.jar:/Users/balamcpro/.m2/repository/io/appium/java-client/9.1.0/java-client-9.1.0.jar:/Users/balamcpro/.m2/repository/org/seleniumhq/selenium/selenium-api/4.18.1/selenium-api-4.18.1.jar:/Users/balamcpro/.m2/repository/org/seleniumhq/selenium/selenium-remote-driver/4.18.1/selenium-remote-driver-4.18.1.jar:/Users/balamcpro/.m2/repository/io/opentelemetry/semconv/opentelemetry-semconv/1.23.1-alpha/opentelemetry-semconv-1.23.1-alpha.jar:/Users/balamcpro/.m2/repository/io/opentelemetry/opentelemetry-api/1.35.0/opentelemetry-api-1.35.0.jar:/Users/balamcpro/.m2/repository/io/opentelemetry/opentelemetry-context/1.35.0/opentelemetry-context-1.35.0.jar:/Users/balamcpro/.m2/repository/io/opentelemetry/opentelemetry-exporter-logging/1.35.0/opentelemetry-exporter-logging-1.35.0.jar:/Users/balamcpro/.m2/repository/io/opentelemetry/opentelemetry-sdk-common/1.35.0/opentelemetry-sdk-common-1.35.0.jar:/Users/balamcpro/.m2/repository/io/opentelemetry/opentelemetry-sdk-extension-autoconfigure-spi/1.35.0/opentelemetry-sdk-extension-autoconfigure-spi-1.35.0.jar:/Users/balamcpro/.m2/repository/io/opentelemetry/opentelemetry-sdk-extension-autoconfigure/1.35.0/opentelemetry-sdk-extension-autoconfigure-1.35.0.jar:/Users/balamcpro/.m2/repository/io/opentelemetry/opentelemetry-api-events/1.35.0-alpha/opentelemetry-api-events-1.35.0-alpha.jar:/Users/balamcpro/.m2/repository/io/opentelemetry/opentelemetry-sdk-trace/1.35.0/opentelemetry-sdk-trace-1.35.0.jar:/Users/balamcpro/.m2/repository/io/opentelemetry/opentelemetry-extension-incubator/1.35.0-alpha/opentelemetry-extension-incubator-1.35.0-alpha.jar:/Users/balamcpro/.m2/repository/io/opentelemetry/opentelemetry-sdk/1.35.0/opentelemetry-sdk-1.35.0.jar:/Users/balamcpro/.m2/repository/io/opentelemetry/opentelemetry-sdk-metrics/1.35.0/opentelemetry-sdk-metrics-1.35.0.jar:/Users/balamcpro/.m2/repository/io/opentelemetry/opentelemetry-sdk-logs/1.35.0/opentelemetry-sdk-logs-1.35.0.jar:/Users/balamcpro/.m2/repository/org/seleniumhq/selenium/selenium-http/4.18.1/selenium-http-4.18.1.jar:/Users/balamcpro/.m2/repository/dev/failsafe/failsafe/3.3.2/failsafe-3.3.2.jar:/Users/balamcpro/.m2/repository/org/seleniumhq/selenium/selenium-manager/4.18.1/selenium-manager-4.18.1.jar:/Users/balamcpro/.m2/repository/org/seleniumhq/selenium/selenium-os/4.18.1/selenium-os-4.18.1.jar:/Users/balamcpro/.m2/repository/org/apache/commons/commons-exec/1.3/commons-exec-1.3.jar:/Users/balamcpro/.m2/repository/com/google/code/gson/gson/2.10.1/gson-2.10.1.jar:/Users/balamcpro/.m2/repository/org/seleniumhq/selenium/selenium-support/4.17.0/selenium-support-4.17.0.jar:/Users/balamcpro/.m2/repository/com/google/auto/service/auto-service-annotations/1.1.1/auto-service-annotations-1.1.1.jar:/Users/balamcpro/.m2/repository/com/google/guava/guava/33.0.0-jre/guava-33.0.0-jre.jar:/Users/balamcpro/.m2/repository/com/google/guava/failureaccess/1.0.2/failureaccess-1.0.2.jar:/Users/balamcpro/.m2/repository/com/google/guava/listenablefuture/9999.0-empty-to-avoid-conflict-with-guava/listenablefuture-9999.0-empty-to-avoid-conflict-with-guava.jar:/Users/balamcpro/.m2/repository/com/google/code/findbugs/jsr305/3.0.2/jsr305-3.0.2.jar:/Users/balamcpro/.m2/repository/org/checkerframework/checker-qual/3.41.0/checker-qual-3.41.0.jar:/Users/balamcpro/.m2/repository/com/google/errorprone/error_prone_annotations/2.23.0/error_prone_annotations-2.23.0.jar:/Users/balamcpro/.m2/repository/com/google/j2objc/j2objc-annotations/2.8/j2objc-annotations-2.8.jar:/Users/balamcpro/.m2/repository/net/bytebuddy/byte-buddy/1.14.11/byte-buddy-1.14.11.jar:/Users/balamcpro/.m2/repository/org/seleniumhq/selenium/selenium-json/4.17.0/selenium-json-4.17.0.jar:/Users/balamcpro/.m2/repository/commons-io/commons-io/2.15.1/commons-io-2.15.1.jar:/Users/balamcpro/.m2/repository/com/fasterxml/jackson/core/jackson-databind/2.16.1/jackson-databind-2.16.1.jar:/Users/balamcpro/.m2/repository/com/fasterxml/jackson/core/jackson-annotations/2.16.1/jackson-annotations-2.16.1.jar:/Users/balamcpro/.m2/repository/com/fasterxml/jackson/core/jackson-core/2.16.1/jackson-core-2.16.1.jar:/Users/balamcpro/.m2/repository/com/aventstack/extentreports/5.1.1/extentreports-5.1.1.jar:/Users/balamcpro/.m2/repository/io/reactivex/rxjava3/rxjava/3.1.6/rxjava-3.1.6.jar:/Users/balamcpro/.m2/repository/org/reactivestreams/reactive-streams/1.0.4/reactive-streams-1.0.4.jar:/Users/balamcpro/.m2/repository/org/freemarker/freemarker/2.3.32/freemarker-2.3.32.jar:/Users/balamcpro/.m2/repository/org/projectlombok/lombok/1.18.26/lombok-1.18.26.jar:"/>
    <property name="sun.cpu.endian" value="little"/>
    <property name="user.home" value="/Users/balamcpro"/>
    <property name="user.language" value="en"/>
    <property name="ipAddress" value="232.42.322"/>
    <property name="java.specification.vendor" value="Oracle Corporation"/>
    <property name="java.version.date" value="2023-10-17"/>
    <property name="java.home" value="/Library/Java/JavaVirtualMachines/jdk-21.jdk/Contents/Home"/>
    <property name="file.separator" value="/"/>
    <property name="basedir" value="/Users/balamcpro/eclipse-workspace/AppiumFrameworkDesign001"/>
    <property name="java.vm.compressedOopsMode" value="Zero based"/>
    <property name="line.separator" value="&#10;"/>
    <property name="java.vm.specification.vendor" value="Oracle Corporation"/>
    <property name="java.specification.name" value="Java Platform API Specification"/>
    <property name="apple.awt.application.name" value="ForkedBooter"/>
    <property name="surefire.real.class.path" value="/Users/balamcpro/eclipse-workspace/AppiumFrameworkDesign001/target/surefire/surefirebooter-20240304181759430_3.jar"/>
    <property name="sun.management.compiler" value="HotSpot 64-Bit Tiered Compilers"/>
    <property name="ftp.nonProxyHosts" value="local|*.local|169.254/16|*.169.254/16"/>
    <property name="java.runtime.version" value="21.0.1+12-LTS-29"/>
    <property name="user.name" value="balamcpro"/>
    <property name="stdout.encoding" value="UTF-8"/>
    <property name="path.separator" value=":"/>
    <property name="os.version" value="14.2.1"/>
    <property name="java.runtime.name" value="Java(TM) SE Runtime Environment"/>
    <property name="file.encoding" value="UTF-8"/>
    <property name="java.vm.name" value="Java HotSpot(TM) 64-Bit Server VM"/>
    <property name="localRepository" value="/Users/balamcpro/.m2/repository"/>
    <property name="java.vendor.url.bug" value="https://bugreport.java.com/bugreport/"/>
    <property name="java.io.tmpdir" value="/var/folders/x6/frl5cbl54r7829vd9_bxvv3w0000gn/T/"/>
    <property name="java.version" value="21.0.1"/>
    <property name="user.dir" value="/Users/balamcpro/eclipse-workspace/AppiumFrameworkDesign001"/>
    <property name="os.arch" value="aarch64"/>
    <property name="java.vm.specification.name" value="Java Virtual Machine Specification"/>
    <property name="native.encoding" value="UTF-8"/>
    <property name="java.library.path" value="/Users/balamcpro/Library/Java/Extensions:/Library/Java/Extensions:/Network/Library/Java/Extensions:/System/Library/Java/Extensions:/usr/lib/java:."/>
    <property name="java.vm.info" value="mixed mode, sharing"/>
    <property name="stderr.encoding" value="UTF-8"/>
    <property name="java.vendor" value="Oracle Corporation"/>
    <property name="java.vm.version" value="21.0.1+12-LTS-29"/>
    <property name="sun.io.unicode.encoding" value="UnicodeBig"/>
    <property name="socksNonProxyHosts" value="local|*.local|169.254/16|*.169.254/16"/>
    <property name="java.class.version" value="65.0"/>
  </properties>
  <testcase name="ConfigureAppium" classname="org.balamuruganacademy.test.android.AndroideCommerce_tc_3" time="20.442">
    <failure message="The local appium server has not been started&#10;Reason: Timed out waiting for [http://232.42.322:4723/status] to be available after 20006 ms&#10;Consider increasing the server startup timeout value (currently 20000ms)&#10;Node.js executable path: /usr/local/bin/node&#10;Arguments: [/usr/local/lib/node_modules/appium/build/lib/main.js, --port, 4723, --address, 232.42.322]&#10;Output: &amp;#27;[35m[Appium]&amp;#27;[39m Welcome to Appium v2.4.1&#10;&amp;#27;[35m[Appium]&amp;#27;[39m Non-default server args:&#10;&amp;#27;[35m[Appium]&amp;#27;[39m { address: &amp;#27;[32m&apos;232.42.322&apos;&amp;#27;[39m }&#10;&amp;#27;[35m[Appium]&amp;#27;[39m The autodetected Appium home path: /Users/balamcpro/.appium&#10;&amp;#27;[35m[Appium]&amp;#27;[39m Attempting to load driver uiautomator2...&#10;&amp;#27;[35m[Appium]&amp;#27;[39m Attempting to load driver gecko...&#10;&amp;#27;[35m[Appium]&amp;#27;[39m Attempting to load driver xcuitest...&#10;&amp;#27;[35m[Appium]&amp;#27;[39m Requiring driver at /Users/balamcpro/.appium/node_modules/appium-uiautomator2-driver/build/index.js&#10;&amp;#27;[35m[Appium]&amp;#27;[39m Requiring driver at /Users/balamcpro/.appium/node_modules/appium-xcuitest-driver/build/index.js&#10;&amp;#27;[35m[Appium]&amp;#27;[39m Requiring driver at /Users/balamcpro/.appium/node_modules/appium-geckodriver/build/index.js&#10;&amp;#27;[35m[Appium]&amp;#27;[39m AndroidUiautomator2Driver has been successfully loaded in 0.824s&#10;&amp;#27;[35m[Appium]&amp;#27;[39m GeckoDriver has been successfully loaded in 0.824s&#10;&amp;#27;[35m[Appium]&amp;#27;[39m XCUITestDriver has been successfully loaded in 0.824s&#10;&amp;#27;[38;5;0m[HTTP]&amp;#27;[0m Could not start REST http interface listener. The requested port may already be in use. Please make sure there is no other instance of this server running already.&#10;&amp;#27;[35m[Appium]&amp;#27;[39m Could not configure Appium server. It&apos;s possible that a driver or plugin tried to update the server and failed. Original error: listen EINVAL: invalid argument 232.42.1.66:4723&#10;&amp;#27;[35m[Appium]&amp;#27;[39m Error: listen EINVAL: invalid argument 232.42.1.66:4723&#10;&amp;#27;[35m[Appium]&amp;#27;[39m     at Server.setupListenHandle [as _listen2] (node:net:1855:21)&#10;&amp;#27;[35m[Appium]&amp;#27;[39m     at listenInCluster (node:net:1920:12)&#10;&amp;#27;[35m[Appium]&amp;#27;[39m     at GetAddrInfoReqWrap.doListen (node:net:2069:7)&#10;&amp;#27;[35m[Appium]&amp;#27;[39m     at GetAddrInfoReqWrap.onlookup [as oncomplete] (node:dns:109:8)&#10;" type="io.appium.java_client.service.local.AppiumServerHasNotBeenStartedLocallyException"><![CDATA[io.appium.java_client.service.local.AppiumServerHasNotBeenStartedLocallyException: 
The local appium server has not been started
Reason: Timed out waiting for [http://232.42.322:4723/status] to be available after 20006 ms
Consider increasing the server startup timeout value (currently 20000ms)
Node.js executable path: /usr/local/bin/node
Arguments: [/usr/local/lib/node_modules/appium/build/lib/main.js, --port, 4723, --address, 232.42.322]
Output: &amp#27;[35m[Appium]&amp#27;[39m Welcome to Appium v2.4.1
&amp#27;[35m[Appium]&amp#27;[39m Non-default server args:
&amp#27;[35m[Appium]&amp#27;[39m { address: &amp#27;[32m'232.42.322'&amp#27;[39m }
&amp#27;[35m[Appium]&amp#27;[39m The autodetected Appium home path: /Users/balamcpro/.appium
&amp#27;[35m[Appium]&amp#27;[39m Attempting to load driver uiautomator2...
&amp#27;[35m[Appium]&amp#27;[39m Attempting to load driver gecko...
&amp#27;[35m[Appium]&amp#27;[39m Attempting to load driver xcuitest...
&amp#27;[35m[Appium]&amp#27;[39m Requiring driver at /Users/balamcpro/.appium/node_modules/appium-uiautomator2-driver/build/index.js
&amp#27;[35m[Appium]&amp#27;[39m Requiring driver at /Users/balamcpro/.appium/node_modules/appium-xcuitest-driver/build/index.js
&amp#27;[35m[Appium]&amp#27;[39m Requiring driver at /Users/balamcpro/.appium/node_modules/appium-geckodriver/build/index.js
&amp#27;[35m[Appium]&amp#27;[39m AndroidUiautomator2Driver has been successfully loaded in 0.824s
&amp#27;[35m[Appium]&amp#27;[39m GeckoDriver has been successfully loaded in 0.824s
&amp#27;[35m[Appium]&amp#27;[39m XCUITestDriver has been successfully loaded in 0.824s
&amp#27;[38;5;0m[HTTP]&amp#27;[0m Could not start REST http interface listener. The requested port may already be in use. Please make sure there is no other instance of this server running already.
&amp#27;[35m[Appium]&amp#27;[39m Could not configure Appium server. It's possible that a driver or plugin tried to update the server and failed. Original error: listen EINVAL: invalid argument 232.42.1.66:4723
&amp#27;[35m[Appium]&amp#27;[39m Error: listen EINVAL: invalid argument 232.42.1.66:4723
&amp#27;[35m[Appium]&amp#27;[39m     at Server.setupListenHandle [as _listen2] (node:net:1855:21)
&amp#27;[35m[Appium]&amp#27;[39m     at listenInCluster (node:net:1920:12)
&amp#27;[35m[Appium]&amp#27;[39m     at GetAddrInfoReqWrap.doListen (node:net:2069:7)
&amp#27;[35m[Appium]&amp#27;[39m     at GetAddrInfoReqWrap.onlookup [as oncomplete] (node:dns:109:8)

	at io.appium.java_client.service.local.AppiumDriverLocalService.start(AppiumDriverLocalService.java:201)
	at org.balamuruganacademy.utils.AppiumUtils.startAppiumServer(AppiumUtils.java:46)
	at org.balamuruganacademy.TestUtils.AndroidBaseTest.ConfigureAppium(AndroidBaseTest.java:54)
	at java.base/jdk.internal.reflect.DirectMethodHandleAccessor.invoke(DirectMethodHandleAccessor.java:103)
	at java.base/java.lang.reflect.Method.invoke(Method.java:580)
	at org.testng.internal.invokers.MethodInvocationHelper.invokeMethod(MethodInvocationHelper.java:139)
	at org.testng.internal.invokers.MethodInvocationHelper.invokeMethodConsideringTimeout(MethodInvocationHelper.java:69)
	at org.testng.internal.invokers.ConfigInvoker.invokeConfigurationMethod(ConfigInvoker.java:393)
	at org.testng.internal.invokers.ConfigInvoker.invokeConfigurations(ConfigInvoker.java:326)
	at org.testng.internal.invokers.TestMethodWorker.invokeBeforeClassMethods(TestMethodWorker.java:180)
	at org.testng.internal.invokers.TestMethodWorker.run(TestMethodWorker.java:122)
	at java.base/java.util.ArrayList.forEach(ArrayList.java:1596)
	at org.testng.TestRunner.privateRun(TestRunner.java:819)
	at org.testng.TestRunner.run(TestRunner.java:619)
	at org.testng.SuiteRunner.runTest(SuiteRunner.java:443)
	at org.testng.SuiteRunner.runSequentially(SuiteRunner.java:437)
	at org.testng.SuiteRunner.privateRun(SuiteRunner.java:397)
	at org.testng.SuiteRunner.run(SuiteRunner.java:336)
	at org.testng.SuiteRunnerWorker.runSuite(SuiteRunnerWorker.java:52)
	at org.testng.SuiteRunnerWorker.run(SuiteRunnerWorker.java:95)
	at org.testng.TestNG.runSuitesSequentially(TestNG.java:1301)
	at org.testng.TestNG.runSuitesLocally(TestNG.java:1228)
	at org.testng.TestNG.runSuites(TestNG.java:1134)
	at org.testng.TestNG.run(TestNG.java:1101)
	at org.apache.maven.surefire.testng.TestNGExecutor.run(TestNGExecutor.java:308)
	at org.apache.maven.surefire.testng.TestNGXmlTestSuite.execute(TestNGXmlTestSuite.java:71)
	at org.apache.maven.surefire.testng.TestNGProvider.invoke(TestNGProvider.java:113)
	at org.apache.maven.surefire.booter.ForkedBooter.runSuitesInProcess(ForkedBooter.java:385)
	at org.apache.maven.surefire.booter.ForkedBooter.execute(ForkedBooter.java:162)
	at org.apache.maven.surefire.booter.ForkedBooter.run(ForkedBooter.java:507)
	at org.apache.maven.surefire.booter.ForkedBooter.main(ForkedBooter.java:495)
Caused by: org.openqa.selenium.net.UrlChecker$TimeoutException: Timed out waiting for [http://232.42.322:4723/status] to be available after 20006 ms
	at org.openqa.selenium.net.UrlChecker.waitUntilAvailable(UrlChecker.java:94)
	at io.appium.java_client.service.local.AppiumDriverLocalService.ping(AppiumDriverLocalService.java:157)
	at io.appium.java_client.service.local.AppiumDriverLocalService.start(AppiumDriverLocalService.java:180)
	... 30 more
Caused by: java.util.concurrent.TimeoutException
	at java.base/java.util.concurrent.FutureTask.get(FutureTask.java:204)
	at org.openqa.selenium.net.UrlChecker.waitUntilAvailable(UrlChecker.java:91)
	... 32 more
]]></failure>
    <system-out><![CDATA[&amp#27;[35m[Appium]&amp#27;[39m Welcome to Appium v2.4.1
&amp#27;[35m[Appium]&amp#27;[39m Non-default server args:
&amp#27;[35m[Appium]&amp#27;[39m { address: &amp#27;[32m'232.42.322'&amp#27;[39m }
&amp#27;[35m[Appium]&amp#27;[39m The autodetected Appium home path: /Users/balamcpro/.appium
&amp#27;[35m[Appium]&amp#27;[39m Attempting to load driver uiautomator2...
&amp#27;[35m[Appium]&amp#27;[39m Attempting to load driver gecko...
&amp#27;[35m[Appium]&amp#27;[39m Attempting to load driver xcuitest...
&amp#27;[35m[Appium]&amp#27;[39m Requiring driver at /Users/balamcpro/.appium/node_modules/appium-uiautomator2-driver/build/index.js
&amp#27;[35m[Appium]&amp#27;[39m Requiring driver at /Users/balamcpro/.appium/node_modules/appium-xcuitest-driver/build/index.js
&amp#27;[35m[Appium]&amp#27;[39m Requiring driver at /Users/balamcpro/.appium/node_modules/appium-geckodriver/build/index.js
&amp#27;[35m[Appium]&amp#27;[39m AndroidUiautomator2Driver has been successfully loaded in 0.824s
&amp#27;[35m[Appium]&amp#27;[39m GeckoDriver has been successfully loaded in 0.824s
&amp#27;[35m[Appium]&amp#27;[39m XCUITestDriver has been successfully loaded in 0.824s
&amp#27;[38;5;0m[HTTP]&amp#27;[0m Could not start REST http interface listener. The requested port may already be in use. Please make sure there is no other instance of this server running already.
&amp#27;[35m[Appium]&amp#27;[39m Could not configure Appium server. It's possible that a driver or plugin tried to update the server and failed. Original error: listen EINVAL: invalid argument 232.42.1.66:4723
&amp#27;[35m[Appium]&amp#27;[39m Error: listen EINVAL: invalid argument 232.42.1.66:4723
&amp#27;[35m[Appium]&amp#27;[39m     at Server.setupListenHandle [as _listen2] (node:net:1855:21)
&amp#27;[35m[Appium]&amp#27;[39m     at listenInCluster (node:net:1920:12)
&amp#27;[35m[Appium]&amp#27;[39m     at GetAddrInfoReqWrap.doListen (node:net:2069:7)
&amp#27;[35m[Appium]&amp#27;[39m     at GetAddrInfoReqWrap.onlookup [as oncomplete] (node:dns:109:8)
]]></system-out>
    <system-err><![CDATA[SLF4J: Failed to load class "org.slf4j.impl.StaticLoggerBinder".
SLF4J: Defaulting to no-operation (NOP) logger implementation
SLF4J: See http://www.slf4j.org/codes.html#StaticLoggerBinder for further details.
]]></system-err>
  </testcase>
  <testcase name="presetup" classname="org.balamuruganacademy.test.android.AndroideCommerce_tc_3" time="20.515">
    <failure message="Cannot invoke &quot;org.balamuruganacademy.pageObjects.android.FormPage.preLoadFormPage()&quot; because &quot;this.formPage&quot; is null" type="java.lang.NullPointerException"><![CDATA[java.lang.NullPointerException: Cannot invoke "org.balamuruganacademy.pageObjects.android.FormPage.preLoadFormPage()" because "this.formPage" is null
	at org.balamuruganacademy.test.android.AndroideCommerce_tc_3.presetup(AndroideCommerce_tc_3.java:71)
	at java.base/jdk.internal.reflect.DirectMethodHandleAccessor.invoke(DirectMethodHandleAccessor.java:103)
	at java.base/java.lang.reflect.Method.invoke(Method.java:580)
	at org.testng.internal.invokers.MethodInvocationHelper.invokeMethod(MethodInvocationHelper.java:139)
	at org.testng.internal.invokers.MethodInvocationHelper.invokeMethodConsideringTimeout(MethodInvocationHelper.java:69)
	at org.testng.internal.invokers.ConfigInvoker.invokeConfigurationMethod(ConfigInvoker.java:393)
	at org.testng.internal.invokers.ConfigInvoker.invokeConfigurations(ConfigInvoker.java:326)
	at org.testng.internal.invokers.TestInvoker.runConfigMethods(TestInvoker.java:810)
	at org.testng.internal.invokers.TestInvoker.invokeMethod(TestInvoker.java:578)
	at org.testng.internal.invokers.TestInvoker.invokeTestMethod(TestInvoker.java:228)
	at org.testng.internal.invokers.MethodRunner.runInSequence(MethodRunner.java:63)
	at org.testng.internal.invokers.TestInvoker$MethodInvocationAgent.invoke(TestInvoker.java:961)
	at org.testng.internal.invokers.TestInvoker.invokeTestMethods(TestInvoker.java:201)
	at org.testng.internal.invokers.TestMethodWorker.invokeTestMethods(TestMethodWorker.java:148)
	at org.testng.internal.invokers.TestMethodWorker.run(TestMethodWorker.java:128)
	at java.base/java.util.ArrayList.forEach(ArrayList.java:1596)
	at org.testng.TestRunner.privateRun(TestRunner.java:819)
	at org.testng.TestRunner.run(TestRunner.java:619)
	at org.testng.SuiteRunner.runTest(SuiteRunner.java:443)
	at org.testng.SuiteRunner.runSequentially(SuiteRunner.java:437)
	at org.testng.SuiteRunner.privateRun(SuiteRunner.java:397)
	at org.testng.SuiteRunner.run(SuiteRunner.java:336)
	at org.testng.SuiteRunnerWorker.runSuite(SuiteRunnerWorker.java:52)
	at org.testng.SuiteRunnerWorker.run(SuiteRunnerWorker.java:95)
	at org.testng.TestNG.runSuitesSequentially(TestNG.java:1301)
	at org.testng.TestNG.runSuitesLocally(TestNG.java:1228)
	at org.testng.TestNG.runSuites(TestNG.java:1134)
	at org.testng.TestNG.run(TestNG.java:1101)
	at org.apache.maven.surefire.testng.TestNGExecutor.run(TestNGExecutor.java:308)
	at org.apache.maven.surefire.testng.TestNGXmlTestSuite.execute(TestNGXmlTestSuite.java:71)
	at org.apache.maven.surefire.testng.TestNGProvider.invoke(TestNGProvider.java:113)
	at org.apache.maven.surefire.booter.ForkedBooter.runSuitesInProcess(ForkedBooter.java:385)
	at org.apache.maven.surefire.booter.ForkedBooter.execute(ForkedBooter.java:162)
	at org.apache.maven.surefire.booter.ForkedBooter.run(ForkedBooter.java:507)
	at org.apache.maven.surefire.booter.ForkedBooter.main(ForkedBooter.java:495)
]]></failure>
  </testcase>
  <testcase name="presetup" classname="org.balamuruganacademy.test.android.AndroideCommerce_tc_3" time="0.002">
    <failure message="Cannot invoke &quot;org.balamuruganacademy.pageObjects.android.FormPage.preLoadFormPage()&quot; because &quot;this.formPage&quot; is null" type="java.lang.NullPointerException"><![CDATA[java.lang.NullPointerException: Cannot invoke "org.balamuruganacademy.pageObjects.android.FormPage.preLoadFormPage()" because "this.formPage" is null
	at org.balamuruganacademy.test.android.AndroideCommerce_tc_3.presetup(AndroideCommerce_tc_3.java:71)
	at java.base/jdk.internal.reflect.DirectMethodHandleAccessor.invoke(DirectMethodHandleAccessor.java:103)
	at java.base/java.lang.reflect.Method.invoke(Method.java:580)
	at org.testng.internal.invokers.MethodInvocationHelper.invokeMethod(MethodInvocationHelper.java:139)
	at org.testng.internal.invokers.MethodInvocationHelper.invokeMethodConsideringTimeout(MethodInvocationHelper.java:69)
	at org.testng.internal.invokers.ConfigInvoker.invokeConfigurationMethod(ConfigInvoker.java:393)
	at org.testng.internal.invokers.ConfigInvoker.invokeConfigurations(ConfigInvoker.java:326)
	at org.testng.internal.invokers.TestInvoker.runConfigMethods(TestInvoker.java:810)
	at org.testng.internal.invokers.TestInvoker.invokeMethod(TestInvoker.java:578)
	at org.testng.internal.invokers.TestInvoker.invokeTestMethod(TestInvoker.java:228)
	at org.testng.internal.invokers.MethodRunner.runInSequence(MethodRunner.java:63)
	at org.testng.internal.invokers.TestInvoker$MethodInvocationAgent.invoke(TestInvoker.java:961)
	at org.testng.internal.invokers.TestInvoker.invokeTestMethods(TestInvoker.java:201)
	at org.testng.internal.invokers.TestMethodWorker.invokeTestMethods(TestMethodWorker.java:148)
	at org.testng.internal.invokers.TestMethodWorker.run(TestMethodWorker.java:128)
	at java.base/java.util.ArrayList.forEach(ArrayList.java:1596)
	at org.testng.TestRunner.privateRun(TestRunner.java:819)
	at org.testng.TestRunner.run(TestRunner.java:619)
	at org.testng.SuiteRunner.runTest(SuiteRunner.java:443)
	at org.testng.SuiteRunner.runSequentially(SuiteRunner.java:437)
	at org.testng.SuiteRunner.privateRun(SuiteRunner.java:397)
	at org.testng.SuiteRunner.run(SuiteRunner.java:336)
	at org.testng.SuiteRunnerWorker.runSuite(SuiteRunnerWorker.java:52)
	at org.testng.SuiteRunnerWorker.run(SuiteRunnerWorker.java:95)
	at org.testng.TestNG.runSuitesSequentially(TestNG.java:1301)
	at org.testng.TestNG.runSuitesLocally(TestNG.java:1228)
	at org.testng.TestNG.runSuites(TestNG.java:1134)
	at org.testng.TestNG.run(TestNG.java:1101)
	at org.apache.maven.surefire.testng.TestNGExecutor.run(TestNGExecutor.java:308)
	at org.apache.maven.surefire.testng.TestNGXmlTestSuite.execute(TestNGXmlTestSuite.java:71)
	at org.apache.maven.surefire.testng.TestNGProvider.invoke(TestNGProvider.java:113)
	at org.apache.maven.surefire.booter.ForkedBooter.runSuitesInProcess(ForkedBooter.java:385)
	at org.apache.maven.surefire.booter.ForkedBooter.execute(ForkedBooter.java:162)
	at org.apache.maven.surefire.booter.ForkedBooter.run(ForkedBooter.java:507)
	at org.apache.maven.surefire.booter.ForkedBooter.main(ForkedBooter.java:495)
]]></failure>
  </testcase>
  <testcase name="FillForm[{gender=Male, name=Balamurugan, country=Argentina}](1)" classname="org.balamuruganacademy.test.android.AndroideCommerce_tc_3" time="0.0">
    <skipped message="The local appium server has not been started&#10;Reason: Timed out waiting for [http://232.42.322:4723/status] to be available after 20006 ms&#10;Consider increasing the server startup timeout value (currently 20000ms)&#10;Node.js executable path: /usr/local/bin/node&#10;Arguments: [/usr/local/lib/node_modules/appium/build/lib/main.js, --port, 4723, --address, 232.42.322]&#10;Output: &amp;#27;[35m[Appium]&amp;#27;[39m Welcome to Appium v2.4.1&#10;&amp;#27;[35m[Appium]&amp;#27;[39m Non-default server args:&#10;&amp;#27;[35m[Appium]&amp;#27;[39m { address: &amp;#27;[32m&apos;232.42.322&apos;&amp;#27;[39m }&#10;&amp;#27;[35m[Appium]&amp;#27;[39m The autodetected Appium home path: /Users/balamcpro/.appium&#10;&amp;#27;[35m[Appium]&amp;#27;[39m Attempting to load driver uiautomator2...&#10;&amp;#27;[35m[Appium]&amp;#27;[39m Attempting to load driver gecko...&#10;&amp;#27;[35m[Appium]&amp;#27;[39m Attempting to load driver xcuitest...&#10;&amp;#27;[35m[Appium]&amp;#27;[39m Requiring driver at /Users/balamcpro/.appium/node_modules/appium-uiautomator2-driver/build/index.js&#10;&amp;#27;[35m[Appium]&amp;#27;[39m Requiring driver at /Users/balamcpro/.appium/node_modules/appium-xcuitest-driver/build/index.js&#10;&amp;#27;[35m[Appium]&amp;#27;[39m Requiring driver at /Users/balamcpro/.appium/node_modules/appium-geckodriver/build/index.js&#10;&amp;#27;[35m[Appium]&amp;#27;[39m AndroidUiautomator2Driver has been successfully loaded in 0.824s&#10;&amp;#27;[35m[Appium]&amp;#27;[39m GeckoDriver has been successfully loaded in 0.824s&#10;&amp;#27;[35m[Appium]&amp;#27;[39m XCUITestDriver has been successfully loaded in 0.824s&#10;&amp;#27;[38;5;0m[HTTP]&amp;#27;[0m Could not start REST http interface listener. The requested port may already be in use. Please make sure there is no other instance of this server running already.&#10;&amp;#27;[35m[Appium]&amp;#27;[39m Could not configure Appium server. It&apos;s possible that a driver or plugin tried to update the server and failed. Original error: listen EINVAL: invalid argument 232.42.1.66:4723&#10;&amp;#27;[35m[Appium]&amp;#27;[39m Error: listen EINVAL: invalid argument 232.42.1.66:4723&#10;&amp;#27;[35m[Appium]&amp;#27;[39m     at Server.setupListenHandle [as _listen2] (node:net:1855:21)&#10;&amp;#27;[35m[Appium]&amp;#27;[39m     at listenInCluster (node:net:1920:12)&#10;&amp;#27;[35m[Appium]&amp;#27;[39m     at GetAddrInfoReqWrap.doListen (node:net:2069:7)&#10;&amp;#27;[35m[Appium]&amp;#27;[39m     at GetAddrInfoReqWrap.onlookup [as oncomplete] (node:dns:109:8)&#10;"/>
  </testcase>
  <testcase name="FillForm[{gender=female, name=test, country=Australia}](2)" classname="org.balamuruganacademy.test.android.AndroideCommerce_tc_3" time="0.0">
    <skipped message="Cannot invoke &quot;org.balamuruganacademy.pageObjects.android.FormPage.preLoadFormPage()&quot; because &quot;this.formPage&quot; is null"/>
  </testcase>
</testsuite>