<?xml version="1.0" encoding="UTF-8"?>
<!-- Generated by org.testng.reporters.JUnitReportReporter -->
<testsuite hostname="Balas-MBP" failures="0" tests="2" name="org.balamuruganacademy.test.android.AndroideCommerce_tc_3" time="43.863" errors="0" timestamp="2024-03-04T16:07:15 EST" skipped="0">
  <testcase classname="org.balamuruganacademy.test.android.AndroideCommerce_tc_3" name="FillForm" time="24.550"/>
  <testcase classname="org.balamuruganacademy.test.android.AndroideCommerce_tc_3" name="FillForm" time="19.313"/>
</testsuite> <!-- org.balamuruganacademy.test.android.AndroideCommerce_tc_3 -->
