<?xml version="1.0" encoding="UTF-8"?>
<!-- Generated by org.testng.reporters.JUnitReportReporter -->
<testsuite hostname="Balas-MBP" failures="0" tests="1" name="org.balamuruganacademy.eCommerce_tc_3" time="22.022" errors="0" timestamp="2024-02-23T18:55:16 EST" skipped="0">
  <testcase classname="org.balamuruganacademy.eCommerce_tc_3" name="FillForm" time="22.022"/>
</testsuite> <!-- org.balamuruganacademy.eCommerce_tc_3 -->
