<?xml version="1.0" encoding="UTF-8"?>
<!-- Generated by org.testng.reporters.JUnitReportReporter -->
<testsuite hostname="Balas-MBP" failures="0" tests="2" name="org.balamuruganacademy.test.android.AndroideCommerce_tc_3" time="23.394" errors="0" timestamp="2024-03-13T17:59:10 EDT" skipped="0">
  <testcase classname="org.balamuruganacademy.test.android.AndroideCommerce_tc_3" name="FillForm" time="15.539"/>
  <testcase classname="org.balamuruganacademy.test.android.AndroideCommerce_tc_3" name="FillForm" time="7.855"/>
</testsuite> <!-- org.balamuruganacademy.test.android.AndroideCommerce_tc_3 -->
